<?xml version="1.0" encoding="UTF-8"?>
<!-- Generated by org.testng.reporters.JUnitReportReporter -->
<testsuite skipped="0" hostname="USER-PC" name="com.TestCases.Tc_01_Signin" tests="1" failures="0" timestamp="11 Jun 2018 05:08:01 GMT" time="44.030" errors="0">
  <testcase name="validatesignin" time="44.030" classname="com.TestCases.Tc_01_Signin"/>
</testsuite> <!-- com.TestCases.Tc_01_Signin -->
