<?xml version="1.0" encoding="UTF-8"?>
<!-- Generated by org.testng.reporters.JUnitReportReporter -->
<testsuite skipped="0" hostname="USER-PC" name="com.TestCases.Tc_01_ValidateSignIn" tests="1" failures="0" timestamp="31 May 2018 03:53:58 GMT" time="16.908" errors="0">
  <testcase name="validateSignIn" time="16.908" classname="com.TestCases.Tc_01_ValidateSignIn"/>
</testsuite> <!-- com.TestCases.Tc_01_ValidateSignIn -->
